<?xml version="1.0" encoding="UTF-8"?>
<testng-results ignored="0" total="2" passed="2" failed="0" skipped="0">
  <reporter-output>
  </reporter-output>
  <suite started-at="2023-06-09T08:38:37 UTC" name="Suite" finished-at="2023-06-09T08:38:56 UTC" duration-ms="19108">
    <groups>
    </groups>
    <test started-at="2023-06-09T08:38:37 UTC" name="Test" finished-at="2023-06-09T08:38:56 UTC" duration-ms="19108">
      <class name="sample.UseCase1_Chrome">
        <test-method is-config="true" signature="setUp()[pri:0, instance:sample.UseCase1_Chrome@4d5650ae]" started-at="2023-06-09T08:38:37 UTC" name="setUp" finished-at="2023-06-09T08:38:42 UTC" duration-ms="5490" status="PASS">
          <reporter-output>
          </reporter-output>
        </test-method> <!-- setUp -->
        <test-method signature="testSimple()[pri:0, instance:sample.UseCase1_Chrome@4d5650ae]" started-at="2023-06-09T08:38:43 UTC" name="testSimple" finished-at="2023-06-09T08:38:48 UTC" duration-ms="5619" status="PASS">
          <reporter-output>
          </reporter-output>
        </test-method> <!-- testSimple -->
        <test-method is-config="true" signature="tearDown()[pri:0, instance:sample.UseCase1_Chrome@4d5650ae]" started-at="2023-06-09T08:38:48 UTC" name="tearDown" finished-at="2023-06-09T08:38:49 UTC" duration-ms="1099" status="PASS">
          <reporter-output>
          </reporter-output>
        </test-method> <!-- tearDown -->
      </class> <!-- sample.UseCase1_Chrome -->
      <class name="sample.UseCase1_Firefox">
        <test-method is-config="true" signature="setUp()[pri:0, instance:sample.UseCase1_Firefox@25641d39]" started-at="2023-06-09T08:38:37 UTC" name="setUp" finished-at="2023-06-09T08:38:45 UTC" duration-ms="8468" status="PASS">
          <reporter-output>
          </reporter-output>
        </test-method> <!-- setUp -->
        <test-method signature="testSimple()[pri:0, instance:sample.UseCase1_Firefox@25641d39]" started-at="2023-06-09T08:38:45 UTC" name="testSimple" finished-at="2023-06-09T08:38:54 UTC" duration-ms="8484" status="PASS">
          <reporter-output>
          </reporter-output>
        </test-method> <!-- testSimple -->
        <test-method is-config="true" signature="tearDown()[pri:0, instance:sample.UseCase1_Firefox@25641d39]" started-at="2023-06-09T08:38:54 UTC" name="tearDown" finished-at="2023-06-09T08:38:56 UTC" duration-ms="2122" status="PASS">
          <reporter-output>
          </reporter-output>
        </test-method> <!-- tearDown -->
      </class> <!-- sample.UseCase1_Firefox -->
    </test> <!-- Test -->
  </suite> <!-- Suite -->
</testng-results>
